have_struct_member: checking for rb_method_entry_t.called_id in method.h... -------------------- no

"gcc-4.2 -o conftest -I/Users/fexd/.rbenv/versions/2.0.0-p247/include/ruby-2.0.0/x86_64-darwin12.5.0 -I/Users/fexd/.rbenv/versions/2.0.0-p247/include/ruby-2.0.0/ruby/backward -I/Users/fexd/.rbenv/versions/2.0.0-p247/include/ruby-2.0.0 -I. -I/Users/fexd/.rbenv/versions/2.0.0-p247/include/ruby-2.0.0/ruby-2.0.0-p247 -I/Users/fexd/.rbenv/versions/2.0.0-p247/include  -D_XOPEN_SOURCE -D_DARWIN_C_SOURCE -D_DARWIN_UNLIMITED_SELECT -D_REENTRANT -I/usr/local/include    -O3 -Wno-error=shorten-64-to-32  -pipe conftest.c  -L. -L/Users/fexd/.rbenv/versions/2.0.0-p247/lib -L/usr/local/lib -L. -L/Users/fexd/.rbenv/versions/2.0.0-p247/lib  -L/usr/local/lib      -lruby-static  -lpthread -ldl -lobjc "
checked program was:
/* begin */
1: #include "ruby.h"
2: 
3: int main(int argc, char **argv)
4: {
5:   return 0;
6: }
/* end */

"gcc-4.2 -I/Users/fexd/.rbenv/versions/2.0.0-p247/include/ruby-2.0.0/x86_64-darwin12.5.0 -I/Users/fexd/.rbenv/versions/2.0.0-p247/include/ruby-2.0.0/ruby/backward -I/Users/fexd/.rbenv/versions/2.0.0-p247/include/ruby-2.0.0 -I. -I/Users/fexd/.rbenv/versions/2.0.0-p247/include/ruby-2.0.0/ruby-2.0.0-p247 -I/Users/fexd/.rbenv/versions/2.0.0-p247/include  -D_XOPEN_SOURCE -D_DARWIN_C_SOURCE -D_DARWIN_UNLIMITED_SELECT -D_REENTRANT -I/usr/local/include    -O3 -Wno-error=shorten-64-to-32  -pipe   -c conftest.c"
conftest.c:3:20: error: method.h: No such file or directory
conftest.c:6: error: ‘rb_method_entry_t’ undeclared here (not in a function)
conftest.c:6: error: expected expression before ‘)’ token
checked program was:
/* begin */
 1: #include "ruby.h"
 2: 
 3: #include <method.h>
 4: 
 5: /*top*/
 6: int s = (char *)&((rb_method_entry_t*)0)->called_id - (char *)0;
 7: int main(int argc, char **argv)
 8: {
 9:   if (argc > 1000000) {
10:     printf("%p", &s);
11:   }
12: 
13:   return 0;
14: }
/* end */

--------------------

have_struct_member: checking for rb_control_frame_t.method_id in method.h... -------------------- no

"gcc-4.2 -I/Users/fexd/.rbenv/versions/2.0.0-p247/include/ruby-2.0.0/x86_64-darwin12.5.0 -I/Users/fexd/.rbenv/versions/2.0.0-p247/include/ruby-2.0.0/ruby/backward -I/Users/fexd/.rbenv/versions/2.0.0-p247/include/ruby-2.0.0 -I. -I/Users/fexd/.rbenv/versions/2.0.0-p247/include/ruby-2.0.0/ruby-2.0.0-p247 -I/Users/fexd/.rbenv/versions/2.0.0-p247/include  -D_XOPEN_SOURCE -D_DARWIN_C_SOURCE -D_DARWIN_UNLIMITED_SELECT -D_REENTRANT -I/usr/local/include    -O3 -Wno-error=shorten-64-to-32  -pipe   -c conftest.c"
conftest.c:3:20: error: method.h: No such file or directory
conftest.c:6: error: ‘rb_control_frame_t’ undeclared here (not in a function)
conftest.c:6: error: expected expression before ‘)’ token
checked program was:
/* begin */
 1: #include "ruby.h"
 2: 
 3: #include <method.h>
 4: 
 5: /*top*/
 6: int s = (char *)&((rb_control_frame_t*)0)->method_id - (char *)0;
 7: int main(int argc, char **argv)
 8: {
 9:   if (argc > 1000000) {
10:     printf("%p", &s);
11:   }
12: 
13:   return 0;
14: }
/* end */

--------------------

have_struct_member: checking for rb_method_entry_t.called_id in method.h... -------------------- no

"gcc-4.2 -I/Users/fexd/.rbenv/versions/2.0.0-p247/include/ruby-2.0.0/x86_64-darwin12.5.0 -I/Users/fexd/.rbenv/versions/2.0.0-p247/include/ruby-2.0.0/ruby/backward -I/Users/fexd/.rbenv/versions/2.0.0-p247/include/ruby-2.0.0 -I. -I/Users/fexd/.rbenv/versions/2.0.0-p247/include/ruby-2.0.0/ruby-2.0.0-p247  -O3 -Wno-error=shorten-64-to-32  -pipe   -c conftest.c"
conftest.c:3:20: error: method.h: No such file or directory
conftest.c:6: error: ‘rb_method_entry_t’ undeclared here (not in a function)
conftest.c:6: error: expected expression before ‘)’ token
checked program was:
/* begin */
 1: #include "ruby.h"
 2: 
 3: #include <method.h>
 4: 
 5: /*top*/
 6: int s = (char *)&((rb_method_entry_t*)0)->called_id - (char *)0;
 7: int main(int argc, char **argv)
 8: {
 9:   if (argc > 1000000) {
10:     printf("%p", &s);
11:   }
12: 
13:   return 0;
14: }
/* end */

--------------------

have_struct_member: checking for rb_control_frame_t.method_id in method.h... -------------------- no

"gcc-4.2 -I/Users/fexd/.rbenv/versions/2.0.0-p247/include/ruby-2.0.0/x86_64-darwin12.5.0 -I/Users/fexd/.rbenv/versions/2.0.0-p247/include/ruby-2.0.0/ruby/backward -I/Users/fexd/.rbenv/versions/2.0.0-p247/include/ruby-2.0.0 -I. -I/Users/fexd/.rbenv/versions/2.0.0-p247/include/ruby-2.0.0/ruby-2.0.0-p247  -O3 -Wno-error=shorten-64-to-32  -pipe   -c conftest.c"
conftest.c:3:20: error: method.h: No such file or directory
conftest.c:6: error: ‘rb_control_frame_t’ undeclared here (not in a function)
conftest.c:6: error: expected expression before ‘)’ token
checked program was:
/* begin */
 1: #include "ruby.h"
 2: 
 3: #include <method.h>
 4: 
 5: /*top*/
 6: int s = (char *)&((rb_control_frame_t*)0)->method_id - (char *)0;
 7: int main(int argc, char **argv)
 8: {
 9:   if (argc > 1000000) {
10:     printf("%p", &s);
11:   }
12: 
13:   return 0;
14: }
/* end */

--------------------

have_struct_member: checking for rb_method_entry_t.called_id in method.h... -------------------- yes

"gcc-4.2 -I/Users/fexd/.rbenv/versions/2.0.0-p247/include/ruby-2.0.0/x86_64-darwin12.5.0 -I/Users/fexd/.rbenv/versions/2.0.0-p247/include/ruby-2.0.0/ruby/backward -I/Users/fexd/.rbenv/versions/2.0.0-p247/include/ruby-2.0.0 -I. -I/Users/fexd/Work/WorkSpace/only/trainingRuby/sample_app/vendor/bundle/ruby/2.0.0/gems/debugger-ruby_core_source-1.2.3/lib/debugger/ruby_core_source/ruby-2.0.0-p247  -O3 -Wno-error=shorten-64-to-32  -pipe   -c conftest.c"
checked program was:
/* begin */
 1: #include "ruby.h"
 2: 
 3: #include <method.h>
 4: 
 5: /*top*/
 6: int s = (char *)&((rb_method_entry_t*)0)->called_id - (char *)0;
 7: int main(int argc, char **argv)
 8: {
 9:   if (argc > 1000000) {
10:     printf("%p", &s);
11:   }
12: 
13:   return 0;
14: }
/* end */

--------------------

have_header: checking for vm_core.h... -------------------- yes

"gcc-4.2 -E -I/Users/fexd/.rbenv/versions/2.0.0-p247/include/ruby-2.0.0/x86_64-darwin12.5.0 -I/Users/fexd/.rbenv/versions/2.0.0-p247/include/ruby-2.0.0/ruby/backward -I/Users/fexd/.rbenv/versions/2.0.0-p247/include/ruby-2.0.0 -I. -I/Users/fexd/Work/WorkSpace/only/trainingRuby/sample_app/vendor/bundle/ruby/2.0.0/gems/debugger-ruby_core_source-1.2.3/lib/debugger/ruby_core_source/ruby-2.0.0-p247  -O3 -Wno-error=shorten-64-to-32  -pipe  conftest.c -o conftest.i"
checked program was:
/* begin */
1: #include "ruby.h"
2: 
3: #include <vm_core.h>
/* end */

--------------------

have_header: checking for iseq.h... -------------------- yes

"gcc-4.2 -E -I/Users/fexd/.rbenv/versions/2.0.0-p247/include/ruby-2.0.0/x86_64-darwin12.5.0 -I/Users/fexd/.rbenv/versions/2.0.0-p247/include/ruby-2.0.0/ruby/backward -I/Users/fexd/.rbenv/versions/2.0.0-p247/include/ruby-2.0.0 -I. -I/Users/fexd/Work/WorkSpace/only/trainingRuby/sample_app/vendor/bundle/ruby/2.0.0/gems/debugger-ruby_core_source-1.2.3/lib/debugger/ruby_core_source/ruby-2.0.0-p247  -O3 -Wno-error=shorten-64-to-32  -pipe  conftest.c -o conftest.i"
checked program was:
/* begin */
1: #include "ruby.h"
2: 
3: #include <iseq.h>
/* end */

--------------------

have_header: checking for insns.inc... -------------------- yes

"gcc-4.2 -E -I/Users/fexd/.rbenv/versions/2.0.0-p247/include/ruby-2.0.0/x86_64-darwin12.5.0 -I/Users/fexd/.rbenv/versions/2.0.0-p247/include/ruby-2.0.0/ruby/backward -I/Users/fexd/.rbenv/versions/2.0.0-p247/include/ruby-2.0.0 -I. -I/Users/fexd/Work/WorkSpace/only/trainingRuby/sample_app/vendor/bundle/ruby/2.0.0/gems/debugger-ruby_core_source-1.2.3/lib/debugger/ruby_core_source/ruby-2.0.0-p247  -O3 -Wno-error=shorten-64-to-32  -pipe  conftest.c -o conftest.i"
checked program was:
/* begin */
1: #include "ruby.h"
2: 
3: #include <insns.inc>
/* end */

--------------------

have_header: checking for insns_info.inc... -------------------- yes

"gcc-4.2 -E -I/Users/fexd/.rbenv/versions/2.0.0-p247/include/ruby-2.0.0/x86_64-darwin12.5.0 -I/Users/fexd/.rbenv/versions/2.0.0-p247/include/ruby-2.0.0/ruby/backward -I/Users/fexd/.rbenv/versions/2.0.0-p247/include/ruby-2.0.0 -I. -I/Users/fexd/Work/WorkSpace/only/trainingRuby/sample_app/vendor/bundle/ruby/2.0.0/gems/debugger-ruby_core_source-1.2.3/lib/debugger/ruby_core_source/ruby-2.0.0-p247  -O3 -Wno-error=shorten-64-to-32  -pipe  conftest.c -o conftest.i"
checked program was:
/* begin */
1: #include "ruby.h"
2: 
3: #include <insns_info.inc>
/* end */

--------------------

have_header: checking for eval_intern.h... -------------------- yes

"gcc-4.2 -E -I/Users/fexd/.rbenv/versions/2.0.0-p247/include/ruby-2.0.0/x86_64-darwin12.5.0 -I/Users/fexd/.rbenv/versions/2.0.0-p247/include/ruby-2.0.0/ruby/backward -I/Users/fexd/.rbenv/versions/2.0.0-p247/include/ruby-2.0.0 -I. -I/Users/fexd/Work/WorkSpace/only/trainingRuby/sample_app/vendor/bundle/ruby/2.0.0/gems/debugger-ruby_core_source-1.2.3/lib/debugger/ruby_core_source/ruby-2.0.0-p247  -O3 -Wno-error=shorten-64-to-32  -pipe  conftest.c -o conftest.i"
checked program was:
/* begin */
1: #include "ruby.h"
2: 
3: #include <eval_intern.h>
/* end */

--------------------

have_type: checking for struct iseq_line_info_entry in vm_core.h,iseq.h... -------------------- yes

"gcc-4.2 -I/Users/fexd/.rbenv/versions/2.0.0-p247/include/ruby-2.0.0/x86_64-darwin12.5.0 -I/Users/fexd/.rbenv/versions/2.0.0-p247/include/ruby-2.0.0/ruby/backward -I/Users/fexd/.rbenv/versions/2.0.0-p247/include/ruby-2.0.0 -I. -I/Users/fexd/Work/WorkSpace/only/trainingRuby/sample_app/vendor/bundle/ruby/2.0.0/gems/debugger-ruby_core_source-1.2.3/lib/debugger/ruby_core_source/ruby-2.0.0-p247  -O3 -Wno-error=shorten-64-to-32  -pipe   -c conftest.c"
checked program was:
/* begin */
1: #include "ruby.h"
2: 
3: #include <vm_core.h>
4: #include <iseq.h>
5: 
6: /*top*/
7: typedef struct iseq_line_info_entry conftest_type;
8: int conftestval[sizeof(conftest_type)?1:-1];
/* end */

--------------------

block in <main>: checking for if rb_iseq_compile_with_option was added an argument filepath... -------------------- yes

"gcc-4.2 -I/Users/fexd/.rbenv/versions/2.0.0-p247/include/ruby-2.0.0/x86_64-darwin12.5.0 -I/Users/fexd/.rbenv/versions/2.0.0-p247/include/ruby-2.0.0/ruby/backward -I/Users/fexd/.rbenv/versions/2.0.0-p247/include/ruby-2.0.0 -I. -I/Users/fexd/Work/WorkSpace/only/trainingRuby/sample_app/vendor/bundle/ruby/2.0.0/gems/debugger-ruby_core_source-1.2.3/lib/debugger/ruby_core_source/ruby-2.0.0-p247  -O3 -Wno-error=shorten-64-to-32  -pipe   -c conftest.c"
checked program was:
/* begin */
1: #include "ruby.h"
2: 
3: #include <ruby.h>
4: #include "vm_core.h"
5: extern VALUE rb_iseq_new_main(NODE *node, VALUE filename, VALUE filepath);
/* end */

--------------------

